Using pre-set license
Built from '2021.3/staging' branch; Version is '2021.3.16f1 (4016570cf34f) revision 4200023'; Using compiler version '192829333'; Build Type 'Release'
OS: 'Windows 11  (10.0.22621) 64bit Professional' Language: 'tr' Physical Memory: 8152 MB
BatchMode: 1, IsHumanControllingUs: 0, StartBugReporterOnCrash: 0, Is64bit: 1, IsPro: 1

COMMAND LINE ARGUMENTS:
C:\Program Files\Unity\Hub\Editor\2021.3.16f1\Editor\Unity.exe
-adb2
-batchMode
-noUpm
-name
AssetImportWorker0
-projectPath
C:/Users/bilgi/OneDrive/Belgeler/GitHub/Task7/Task7
-logFile
Logs/AssetImportWorker0.log
-srvPort
63102
Successfully changed project path to: C:/Users/bilgi/OneDrive/Belgeler/GitHub/Task7/Task7
C:/Users/bilgi/OneDrive/Belgeler/GitHub/Task7/Task7
[UnityMemory] Configuration Parameters - Can be set up in boot.config
    "memorysetup-bucket-allocator-granularity=16"
    "memorysetup-bucket-allocator-bucket-count=8"
    "memorysetup-bucket-allocator-block-size=33554432"
    "memorysetup-bucket-allocator-block-count=8"
    "memorysetup-main-allocator-block-size=16777216"
    "memorysetup-thread-allocator-block-size=16777216"
    "memorysetup-gfx-main-allocator-block-size=16777216"
    "memorysetup-gfx-thread-allocator-block-size=16777216"
    "memorysetup-cache-allocator-block-size=4194304"
    "memorysetup-typetree-allocator-block-size=2097152"
    "memorysetup-profiler-bucket-allocator-granularity=16"
    "memorysetup-profiler-bucket-allocator-bucket-count=8"
    "memorysetup-profiler-bucket-allocator-block-size=33554432"
    "memorysetup-profiler-bucket-allocator-block-count=8"
    "memorysetup-profiler-allocator-block-size=16777216"
    "memorysetup-profiler-editor-allocator-block-size=1048576"
    "memorysetup-temp-allocator-size-main=16777216"
    "memorysetup-job-temp-allocator-block-size=2097152"
    "memorysetup-job-temp-allocator-block-size-background=1048576"
    "memorysetup-job-temp-allocator-reduction-small-platforms=262144"
    "memorysetup-temp-allocator-size-background-worker=32768"
    "memorysetup-temp-allocator-size-job-worker=262144"
    "memorysetup-temp-allocator-size-preload-manager=33554432"
    "memorysetup-temp-allocator-size-nav-mesh-worker=65536"
    "memorysetup-temp-allocator-size-audio-worker=65536"
    "memorysetup-temp-allocator-size-cloud-worker=32768"
    "memorysetup-temp-allocator-size-gi-baking-worker=262144"
    "memorysetup-temp-allocator-size-gfx=262144"
Player connection [16168] Host "[IP] 192.168.1.100 [Port] 0 [Flags] 2 [Guid] 3094763109 [EditorId] 3094763109 [Version] 1048832 [Id] WindowsEditor(7,Furkan) [Debug] 1 [PackageName] WindowsEditor [ProjectName] Editor" joined multi-casting on [225.0.0.222:54997]...

Player connection [16168] Host "[IP] 192.168.1.100 [Port] 0 [Flags] 2 [Guid] 3094763109 [EditorId] 3094763109 [Version] 1048832 [Id] WindowsEditor(7,Furkan) [Debug] 1 [PackageName] WindowsEditor [ProjectName] Editor" joined alternative multi-casting on [225.0.0.222:34997]...

Refreshing native plugins compatible for Editor in 144.89 ms, found 3 plugins.
Preloading 0 native plugins for Editor in 0.00 ms.
Initialize engine version: 2021.3.16f1 (4016570cf34f)
[Subsystems] Discovering subsystems at path C:/Program Files/Unity/Hub/Editor/2021.3.16f1/Editor/Data/Resources/UnitySubsystems
[Subsystems] Discovering subsystems at path C:/Users/bilgi/OneDrive/Belgeler/GitHub/Task7/Task7/Assets
GfxDevice: creating device client; threaded=0; jobified=0
Direct3D:
    Version:  Direct3D 11.0 [level 11.1]
    Renderer: NVIDIA GeForce GT 1030 (ID=0x1d01)
    Vendor:   NVIDIA
    VRAM:     1981 MB
    Driver:   31.0.15.2756
Initialize mono
Mono path[0] = 'C:/Program Files/Unity/Hub/Editor/2021.3.16f1/Editor/Data/Managed'
Mono path[1] = 'C:/Program Files/Unity/Hub/Editor/2021.3.16f1/Editor/Data/MonoBleedingEdge/lib/mono/unityjit-win32'
Mono config path = 'C:/Program Files/Unity/Hub/Editor/2021.3.16f1/Editor/Data/MonoBleedingEdge/etc'
Using monoOptions --debugger-agent=transport=dt_socket,embedding=1,server=y,suspend=n,address=127.0.0.1:56284
Begin MonoManager ReloadAssembly
Registering precompiled unity dll's ...
Register platform support module: C:/Program Files/Unity/Hub/Editor/2021.3.16f1/Editor/Data/PlaybackEngines/AndroidPlayer/UnityEditor.Android.Extensions.dll
Register platform support module: C:/Program Files/Unity/Hub/Editor/2021.3.16f1/Editor/Data/PlaybackEngines/WindowsStandaloneSupport/UnityEditor.WindowsStandalone.Extensions.dll
Registered in 0.009327 seconds.
Native extension for WindowsStandalone target not found
Native extension for Android target not found
Refreshing native plugins compatible for Editor in 142.29 ms, found 3 plugins.
Preloading 0 native plugins for Editor in 0.00 ms.
Mono: successfully reloaded assembly
- Completed reload, in  1.144 seconds
Domain Reload Profiling:
	ReloadAssembly (1145ms)
		BeginReloadAssembly (130ms)
			ExecutionOrderSort (0ms)
			DisableScriptedObjects (0ms)
			BackupInstance (0ms)
			ReleaseScriptingObjects (0ms)
			CreateAndSetChildDomain (1ms)
		EndReloadAssembly (836ms)
			LoadAssemblies (127ms)
			RebuildTransferFunctionScriptingTraits (0ms)
			SetupTypeCache (180ms)
			ReleaseScriptCaches (0ms)
			RebuildScriptCaches (51ms)
			SetupLoadedEditorAssemblies (522ms)
				LogAssemblyErrors (0ms)
				InitializePlatformSupportModulesInManaged (99ms)
				SetLoadedEditorAssemblies (0ms)
				RefreshPlugins (142ms)
				BeforeProcessingInitializeOnLoad (2ms)
				ProcessInitializeOnLoadAttributes (190ms)
				ProcessInitializeOnLoadMethodAttributes (88ms)
				AfterProcessingInitializeOnLoad (0ms)
				EditorAssembliesLoaded (0ms)
			ExecutionOrderSort2 (0ms)
			AwakeInstancesAfterBackupRestoration (0ms)
Platform modules already initialized, skipping
Registering precompiled user dll's ...
Registered in 0.010365 seconds.
Begin MonoManager ReloadAssembly
Symbol file LoadedFromMemory doesn't match image C:\Users\bilgi\OneDrive\Belgeler\GitHub\Task7\Task7\Library\PackageCache\com.unity.visualscripting@1.7.8\Editor\VisualScripting.Core\Dependencies\YamlDotNet\Unity.VisualScripting.YamlDotNet.dll
Symbol file LoadedFromMemory doesn't match image C:\Users\bilgi\OneDrive\Belgeler\GitHub\Task7\Task7\Library\PackageCache\com.unity.visualscripting@1.7.8\Editor\VisualScripting.Core\Dependencies\DotNetZip\Unity.VisualScripting.IonicZip.dll
Native extension for WindowsStandalone target not found
Native extension for Android target not found
Refreshing native plugins compatible for Editor in 0.81 ms, found 3 plugins.
Preloading 0 native plugins for Editor in 0.00 ms.
Mono: successfully reloaded assembly
- Completed reload, in  1.888 seconds
Domain Reload Profiling:
	ReloadAssembly (1889ms)
		BeginReloadAssembly (308ms)
			ExecutionOrderSort (0ms)
			DisableScriptedObjects (11ms)
			BackupInstance (0ms)
			ReleaseScriptingObjects (0ms)
			CreateAndSetChildDomain (151ms)
		EndReloadAssembly (1366ms)
			LoadAssemblies (146ms)
			RebuildTransferFunctionScriptingTraits (0ms)
			SetupTypeCache (455ms)
			ReleaseScriptCaches (1ms)
			RebuildScriptCaches (83ms)
			SetupLoadedEditorAssemblies (596ms)
				LogAssemblyErrors (0ms)
				InitializePlatformSupportModulesInManaged (21ms)
				SetLoadedEditorAssemblies (1ms)
				RefreshPlugins (1ms)
				BeforeProcessingInitializeOnLoad (147ms)
				ProcessInitializeOnLoadAttributes (369ms)
				ProcessInitializeOnLoadMethodAttributes (41ms)
				AfterProcessingInitializeOnLoad (17ms)
				EditorAssembliesLoaded (0ms)
			ExecutionOrderSort2 (0ms)
			AwakeInstancesAfterBackupRestoration (37ms)
Platform modules already initialized, skipping
========================================================================
Worker process is ready to serve import requests
Launched and connected shader compiler UnityShaderCompiler.exe after 0.06 seconds
Refreshing native plugins compatible for Editor in 0.97 ms, found 3 plugins.
Preloading 0 native plugins for Editor in 0.00 ms.
Unloading 3362 Unused Serialized files (Serialized files now loaded: 0)
Unloading 27 unused Assets / (113.4 KB). Loaded Objects now: 3822.
Memory consumption went from 115.7 MB to 115.6 MB.
Total: 4.934100 ms (FindLiveObjects: 0.407600 ms CreateObjectMapping: 0.156500 ms MarkObjects: 4.215200 ms  DeleteObjects: 0.152800 ms)

AssetImportParameters requested are different than current active one (requested -> active):
  custom:video-decoder-ogg-theora: a1e56fd34408186e4bbccfd4996cb3dc -> 
  custom:container-muxer-webm: aa71ff27fc2769a1b78a27578f13a17b -> 
  custom:container-demuxer-webm: 4f35f7cbe854078d1ac9338744f61a02 -> 
  custom:video-encoder-webm-vp8: eb34c28f22e8b96e1ab97ce403110664 -> 
  custom:video-codec-MediaFoundation-h265: 746d11721c4dcdbdad8f713fa42b33f4 -> 
  custom:audio-encoder-webm-vorbis: bf7c407c2cedff20999df2af8eb42d56 -> 
  custom:framework-win-MediaFoundation: 216162199b28c13a410421893ffa2e32 -> 
  custom:container-demuxer-ogg: 62fdf1f143b41e24485cea50d1cbac27 -> 
  custom:video-decoder-webm-vp8: 9c59270c3fd7afecdb556c50c9e8de78 -> 
  custom:audio-decoder-ogg-vorbis: bf7c407c2cedff20999df2af8eb42d56 -> 
========================================================================
Received Import Request.
  Time since last request: 616382.459477 seconds.
  path: Assets/character/Remy_Top_Normal.png
  artifactKey: Guid(8f1a4ed09eda65d418bce1d970bcefc6) Importer(815301076,1909f56bfc062723c751e8b465ee728b)
Start importing Assets/character/Remy_Top_Normal.png using Guid(8f1a4ed09eda65d418bce1d970bcefc6) Importer(815301076,1909f56bfc062723c751e8b465ee728b)  -> (artifact id: 'eceaaf9c06d4d83481ad19fde11f6a33') in 0.116442 seconds 
========================================================================
Received Import Request.
  Time since last request: 0.000031 seconds.
  path: Assets/character/Shoesmat.mat
  artifactKey: Guid(d12470f661e487b4a9ce3ecd50a49dd2) Importer(815301076,1909f56bfc062723c751e8b465ee728b)
Start importing Assets/character/Shoesmat.mat using Guid(d12470f661e487b4a9ce3ecd50a49dd2) Importer(815301076,1909f56bfc062723c751e8b465ee728b)  -> (artifact id: 'ce062744598733be66d2f97fed39f35a') in 0.516585 seconds 
========================================================================
Received Import Request.
  Time since last request: 0.000036 seconds.
  path: Assets/character/Remy_Top_Specular.png
  artifactKey: Guid(941ff21c60b2a2d448cbe2ad93480f3f) Importer(815301076,1909f56bfc062723c751e8b465ee728b)
Start importing Assets/character/Remy_Top_Specular.png using Guid(941ff21c60b2a2d448cbe2ad93480f3f) Importer(815301076,1909f56bfc062723c751e8b465ee728b)  -> (artifact id: '0ccf6977c0a5353236cf33bc9431a76a') in 0.043423 seconds 
========================================================================
Received Import Request.
  Time since last request: 0.000075 seconds.
  path: Assets/character/Hairmat.mat
  artifactKey: Guid(4c00fa4bc61ee0845ae087ca918c3caa) Importer(815301076,1909f56bfc062723c751e8b465ee728b)
Start importing Assets/character/Hairmat.mat using Guid(4c00fa4bc61ee0845ae087ca918c3caa) Importer(815301076,1909f56bfc062723c751e8b465ee728b)  -> (artifact id: '0d5f993bb1067d2e53d2f430a914f243') in 0.408734 seconds 
========================================================================
Received Import Request.
  Time since last request: 0.000033 seconds.
  path: Assets/character
  artifactKey: Guid(c5d78ba0dc3eee8478fa1c9067e0fe31) Importer(815301076,1909f56bfc062723c751e8b465ee728b)
Start importing Assets/character using Guid(c5d78ba0dc3eee8478fa1c9067e0fe31) Importer(815301076,1909f56bfc062723c751e8b465ee728b)  -> (artifact id: '6cd4da48815fe8c3c8ca03df3b33aebd') in 0.012377 seconds 
========================================================================
Received Import Request.
  Time since last request: 0.000045 seconds.
  path: Assets/character/Remy_Hair_Normal.png
  artifactKey: Guid(a59cc657f9883e04382d0af4fe09cdf2) Importer(815301076,1909f56bfc062723c751e8b465ee728b)
Start importing Assets/character/Remy_Hair_Normal.png using Guid(a59cc657f9883e04382d0af4fe09cdf2) Importer(815301076,1909f56bfc062723c751e8b465ee728b)  -> (artifact id: '0871427de09d7fa9d9aca6ab6f8c8a0f') in 0.026992 seconds 
========================================================================
Received Import Request.
  Time since last request: 0.000024 seconds.
  path: Assets/character/Bodymat.mat
  artifactKey: Guid(b9eb98e41608238458e06cfa913c2a3e) Importer(815301076,1909f56bfc062723c751e8b465ee728b)
Start importing Assets/character/Bodymat.mat using Guid(b9eb98e41608238458e06cfa913c2a3e) Importer(815301076,1909f56bfc062723c751e8b465ee728b)  -> (artifact id: 'a7efb854904160cf7bc3e878c88e7444') in 0.426640 seconds 
========================================================================
Received Import Request.
  Time since last request: 0.000028 seconds.
  path: Assets/character/Remy_Body_Gloss.png
  artifactKey: Guid(0c0fb96e2260c374ea5041eec1cb302a) Importer(815301076,1909f56bfc062723c751e8b465ee728b)
Start importing Assets/character/Remy_Body_Gloss.png using Guid(0c0fb96e2260c374ea5041eec1cb302a) Importer(815301076,1909f56bfc062723c751e8b465ee728b)  -> (artifact id: '84a956f03789cc8d47b446f7b3a654f6') in 0.017388 seconds 
========================================================================
Received Import Request.
  Time since last request: 0.000038 seconds.
  path: Assets/character/Remy_Bottom_Gloss.png
  artifactKey: Guid(2d6742d737a6287448171301a374e88a) Importer(815301076,1909f56bfc062723c751e8b465ee728b)
Start importing Assets/character/Remy_Bottom_Gloss.png using Guid(2d6742d737a6287448171301a374e88a) Importer(815301076,1909f56bfc062723c751e8b465ee728b)  -> (artifact id: 'cfd012c6be076dd929f2ad31e2713306') in 0.015137 seconds 
========================================================================
Received Import Request.
  Time since last request: 0.000034 seconds.
  path: Assets/character/Remy_Bottom_Normal.png
  artifactKey: Guid(6d6ced9f8a2d4e34fbec2308bd492ded) Importer(815301076,1909f56bfc062723c751e8b465ee728b)
Start importing Assets/character/Remy_Bottom_Normal.png using Guid(6d6ced9f8a2d4e34fbec2308bd492ded) Importer(815301076,1909f56bfc062723c751e8b465ee728b)  -> (artifact id: 'bc27ea943fbf0350b58aad43f926e09c') in 0.022229 seconds 
========================================================================
Received Import Request.
  Time since last request: 0.000028 seconds.
  path: Assets/character/Remy_Body_Normal.png
  artifactKey: Guid(deade9d700e1bbf498d5326c8eeec43a) Importer(815301076,1909f56bfc062723c751e8b465ee728b)
Start importing Assets/character/Remy_Body_Normal.png using Guid(deade9d700e1bbf498d5326c8eeec43a) Importer(815301076,1909f56bfc062723c751e8b465ee728b)  -> (artifact id: 'c76b1a0ece49042e4d4f52d303c05e43') in 0.027973 seconds 
========================================================================
Received Import Request.
  Time since last request: 0.000029 seconds.
  path: Assets/character/Remy_Hair_Gloss.png
  artifactKey: Guid(0eaa563a3ff135e4ca6a96226c2ad34e) Importer(815301076,1909f56bfc062723c751e8b465ee728b)
Start importing Assets/character/Remy_Hair_Gloss.png using Guid(0eaa563a3ff135e4ca6a96226c2ad34e) Importer(815301076,1909f56bfc062723c751e8b465ee728b)  -> (artifact id: '3e1bae01a51a583bbdaf4e56b09454cb') in 0.020675 seconds 
========================================================================
Received Import Request.
  Time since last request: 0.000034 seconds.
  path: Assets/character/Remy_Shoes_Diffuse.png
  artifactKey: Guid(97ec366f4ccf599478da488c000f7928) Importer(815301076,1909f56bfc062723c751e8b465ee728b)
Start importing Assets/character/Remy_Shoes_Diffuse.png using Guid(97ec366f4ccf599478da488c000f7928) Importer(815301076,1909f56bfc062723c751e8b465ee728b)  -> (artifact id: '76d9b1d338be7fbd4c73c647d9aef225') in 0.020497 seconds 
========================================================================
Received Import Request.
  Time since last request: 0.000029 seconds.
  path: Assets/character/Remy_Body_Opacity.png
  artifactKey: Guid(11e04517200068b4ebfb84f6f2078106) Importer(815301076,1909f56bfc062723c751e8b465ee728b)
Start importing Assets/character/Remy_Body_Opacity.png using Guid(11e04517200068b4ebfb84f6f2078106) Importer(815301076,1909f56bfc062723c751e8b465ee728b)  -> (artifact id: 'dd94c673e417880d34a68100070715e2') in 0.026149 seconds 
========================================================================
Received Import Request.
  Time since last request: 0.000039 seconds.
  path: Assets/character/Remy_Hair_Diffuse.png
  artifactKey: Guid(d647499eefd7a7a4f8eb68f6fcc41079) Importer(815301076,1909f56bfc062723c751e8b465ee728b)
Start importing Assets/character/Remy_Hair_Diffuse.png using Guid(d647499eefd7a7a4f8eb68f6fcc41079) Importer(815301076,1909f56bfc062723c751e8b465ee728b)  -> (artifact id: '320775ff91494d53f7df080cd07fd314') in 0.022512 seconds 
========================================================================
Received Import Request.
  Time since last request: 0.000031 seconds.
  path: Assets/character/Remy_Bottom_Diffuse.png
  artifactKey: Guid(f10ec42f8e390aa4991a4c0758e9f3f9) Importer(815301076,1909f56bfc062723c751e8b465ee728b)
Start importing Assets/character/Remy_Bottom_Diffuse.png using Guid(f10ec42f8e390aa4991a4c0758e9f3f9) Importer(815301076,1909f56bfc062723c751e8b465ee728b)  -> (artifact id: '7c6d4a2754465801c6b9b76c23adf606') in 0.017831 seconds 
========================================================================
Received Import Request.
  Time since last request: 0.000045 seconds.
  path: Assets/character/Remy_Bottom_Specular.png
  artifactKey: Guid(7aeb4074a9f8a0746ba7254558c8fe5c) Importer(815301076,1909f56bfc062723c751e8b465ee728b)
Start importing Assets/character/Remy_Bottom_Specular.png using Guid(7aeb4074a9f8a0746ba7254558c8fe5c) Importer(815301076,1909f56bfc062723c751e8b465ee728b)  -> (artifact id: '132f39b9c1ef74a23c7732c5f9a59352') in 0.016572 seconds 
========================================================================
Received Import Request.
  Time since last request: 0.000027 seconds.
  path: Assets/character/Topmat.mat
  artifactKey: Guid(2467118036a8bdf4684c68da961412c7) Importer(815301076,1909f56bfc062723c751e8b465ee728b)
Start importing Assets/character/Topmat.mat using Guid(2467118036a8bdf4684c68da961412c7) Importer(815301076,1909f56bfc062723c751e8b465ee728b)  -> (artifact id: 'bcaa718c22a9b74ee1d6380c9e1fcc97') in 0.021325 seconds 
========================================================================
Received Import Request.
  Time since last request: 0.000029 seconds.
  path: Assets/character/Remy_Hair_Opacity.png
  artifactKey: Guid(65e1c7407bb6ce94f838e952eabcffb9) Importer(815301076,1909f56bfc062723c751e8b465ee728b)
Start importing Assets/character/Remy_Hair_Opacity.png using Guid(65e1c7407bb6ce94f838e952eabcffb9) Importer(815301076,1909f56bfc062723c751e8b465ee728b)  -> (artifact id: 'b90d6944c5c3b57a335c144a0ab3b81f') in 0.020027 seconds 
========================================================================
Received Import Request.
  Time since last request: 0.000031 seconds.
  path: Assets/character/Eyelashmat.mat
  artifactKey: Guid(26cee53336044d64b921de6eac401d13) Importer(815301076,1909f56bfc062723c751e8b465ee728b)
Start importing Assets/character/Eyelashmat.mat using Guid(26cee53336044d64b921de6eac401d13) Importer(815301076,1909f56bfc062723c751e8b465ee728b)  -> (artifact id: '1a17ca63fdb8a102e52a5d19e1eec5ae') in 0.375665 seconds 
========================================================================
Received Import Request.
  Time since last request: 0.000032 seconds.
  path: Assets/character/Remy_Body_Specular.png
  artifactKey: Guid(5e31b657c21fe0d4dafa84ecc074cbab) Importer(815301076,1909f56bfc062723c751e8b465ee728b)
Start importing Assets/character/Remy_Body_Specular.png using Guid(5e31b657c21fe0d4dafa84ecc074cbab) Importer(815301076,1909f56bfc062723c751e8b465ee728b)  -> (artifact id: '2bd6c9838d66b59d7590fa5d11af8a49') in 0.017600 seconds 
========================================================================
Received Import Request.
  Time since last request: 0.000045 seconds.
  path: Assets/character/Remy_Body_Diffuse.png
  artifactKey: Guid(80be6a078485d2b4fa518804f32641f8) Importer(815301076,1909f56bfc062723c751e8b465ee728b)
Start importing Assets/character/Remy_Body_Diffuse.png using Guid(80be6a078485d2b4fa518804f32641f8) Importer(815301076,1909f56bfc062723c751e8b465ee728b)  -> (artifact id: '5f51fbee61689610a355621d1a00ff2f') in 0.019889 seconds 
========================================================================
Received Import Request.
  Time since last request: 0.000032 seconds.
  path: Assets/character/Remy_Shoes_Normal.png
  artifactKey: Guid(c01489e409c3ed741b8346c805749979) Importer(815301076,1909f56bfc062723c751e8b465ee728b)
Start importing Assets/character/Remy_Shoes_Normal.png using Guid(c01489e409c3ed741b8346c805749979) Importer(815301076,1909f56bfc062723c751e8b465ee728b)  -> (artifact id: '56b7dab37b5d4eea7e09737db2b5ff75') in 0.030508 seconds 
========================================================================
Received Import Request.
  Time since last request: 0.000045 seconds.
  path: Assets/character/Remy_Shoes_Specular.png
  artifactKey: Guid(8236ecda346db724c8b0cbc025bb5492) Importer(815301076,1909f56bfc062723c751e8b465ee728b)
Start importing Assets/character/Remy_Shoes_Specular.png using Guid(8236ecda346db724c8b0cbc025bb5492) Importer(815301076,1909f56bfc062723c751e8b465ee728b)  -> (artifact id: 'c5d66dcfda5a2a5f96284ebbf0ac0508') in 0.024499 seconds 
========================================================================
Received Import Request.
  Time since last request: 0.000029 seconds.
  path: Assets/character/Remy_Top_Diffuse.png
  artifactKey: Guid(309fbcc1d26fa85478eac863eb1d5301) Importer(815301076,1909f56bfc062723c751e8b465ee728b)
Start importing Assets/character/Remy_Top_Diffuse.png using Guid(309fbcc1d26fa85478eac863eb1d5301) Importer(815301076,1909f56bfc062723c751e8b465ee728b)  -> (artifact id: '565b0e99b3e6135871257d0251461e16') in 0.015418 seconds 
========================================================================
Received Import Request.
  Time since last request: 0.000028 seconds.
  path: Assets/character/Remy_Top_Gloss.png
  artifactKey: Guid(6a0be0a3a23a6d3439e08ba92c9407ba) Importer(815301076,1909f56bfc062723c751e8b465ee728b)
Start importing Assets/character/Remy_Top_Gloss.png using Guid(6a0be0a3a23a6d3439e08ba92c9407ba) Importer(815301076,1909f56bfc062723c751e8b465ee728b)  -> (artifact id: '44ed82f09a917085d6b60f069ac94639') in 0.014078 seconds 
========================================================================
Received Import Request.
  Time since last request: 0.000025 seconds.
  path: Assets/character/Remy_Hair_Specular.png
  artifactKey: Guid(a0eb505967a367149ada7c48a32ec738) Importer(815301076,1909f56bfc062723c751e8b465ee728b)
Start importing Assets/character/Remy_Hair_Specular.png using Guid(a0eb505967a367149ada7c48a32ec738) Importer(815301076,1909f56bfc062723c751e8b465ee728b)  -> (artifact id: 'e8313b9e2497ce4d95b4eecdd18ec9a1') in 0.013486 seconds 
========================================================================
Received Import Request.
  Time since last request: 0.000025 seconds.
  path: Assets/character/Remy_Shoes_Gloss.png
  artifactKey: Guid(3baaed86f2e1d334e8f74c063dd4b727) Importer(815301076,1909f56bfc062723c751e8b465ee728b)
Start importing Assets/character/Remy_Shoes_Gloss.png using Guid(3baaed86f2e1d334e8f74c063dd4b727) Importer(815301076,1909f56bfc062723c751e8b465ee728b)  -> (artifact id: '70213d52bbe8ab633789f013a8873f2f') in 0.014587 seconds 
========================================================================
Received Import Request.
  Time since last request: 0.000025 seconds.
  path: Assets/character/Bottommat.mat
  artifactKey: Guid(ba3728e77837414428961f33a8995dd4) Importer(815301076,1909f56bfc062723c751e8b465ee728b)
Start importing Assets/character/Bottommat.mat using Guid(ba3728e77837414428961f33a8995dd4) Importer(815301076,1909f56bfc062723c751e8b465ee728b)  -> (artifact id: '1fc74a750b29cfcecd0072ec0af44755') in 0.130098 seconds 
========================================================================
Received Import Request.
  Time since last request: 5.431494 seconds.
  path: Assets/character/stickman.fbx
  artifactKey: Guid(5f8ab3ba19ce748408090b2171f14d4f) Importer(815301076,1909f56bfc062723c751e8b465ee728b)
Start importing Assets/character/stickman.fbx using Guid(5f8ab3ba19ce748408090b2171f14d4f) Importer(815301076,1909f56bfc062723c751e8b465ee728b)  -> (artifact id: '030018a6907f24a52f326ec35b249310') in 0.125009 seconds 
========================================================================
Received Import Request.
  Time since last request: 34.635980 seconds.
  path: Assets/NewBehaviourScript.cs
  artifactKey: Guid(bf37aeb2245a39e4689fceca2f387416) Importer(815301076,1909f56bfc062723c751e8b465ee728b)
Start importing Assets/NewBehaviourScript.cs using Guid(bf37aeb2245a39e4689fceca2f387416) Importer(815301076,1909f56bfc062723c751e8b465ee728b)  -> (artifact id: '6ab623fefffd4eb75d37e190f0f58e2d') in 0.015504 seconds 
========================================================================
Received Prepare
Registering precompiled user dll's ...
Registered in 0.009452 seconds.
Begin MonoManager ReloadAssembly
Symbol file LoadedFromMemory doesn't match image C:\Users\bilgi\OneDrive\Belgeler\GitHub\Task7\Task7\Library\PackageCache\com.unity.visualscripting@1.7.8\Editor\VisualScripting.Core\Dependencies\YamlDotNet\Unity.VisualScripting.YamlDotNet.dll
Symbol file LoadedFromMemory doesn't match image C:\Users\bilgi\OneDrive\Belgeler\GitHub\Task7\Task7\Library\PackageCache\com.unity.visualscripting@1.7.8\Editor\VisualScripting.Core\Dependencies\DotNetZip\Unity.VisualScripting.IonicZip.dll
Native extension for WindowsStandalone target not found
Native extension for Android target not found
Refreshing native plugins compatible for Editor in 2.30 ms, found 3 plugins.
Preloading 0 native plugins for Editor in 0.00 ms.
Mono: successfully reloaded assembly
- Completed reload, in  2.240 seconds
Domain Reload Profiling:
	ReloadAssembly (2243ms)
		BeginReloadAssembly (247ms)
			ExecutionOrderSort (0ms)
			DisableScriptedObjects (9ms)
			BackupInstance (0ms)
			ReleaseScriptingObjects (0ms)
			CreateAndSetChildDomain (54ms)
		EndReloadAssembly (1558ms)
			LoadAssemblies (181ms)
			RebuildTransferFunctionScriptingTraits (0ms)
			SetupTypeCache (550ms)
			ReleaseScriptCaches (2ms)
			RebuildScriptCaches (75ms)
			SetupLoadedEditorAssemblies (683ms)
				LogAssemblyErrors (0ms)
				InitializePlatformSupportModulesInManaged (42ms)
				SetLoadedEditorAssemblies (1ms)
				RefreshPlugins (2ms)
				BeforeProcessingInitializeOnLoad (120ms)
				ProcessInitializeOnLoadAttributes (376ms)
				ProcessInitializeOnLoadMethodAttributes (122ms)
				AfterProcessingInitializeOnLoad (19ms)
				EditorAssembliesLoaded (0ms)
			ExecutionOrderSort2 (0ms)
			AwakeInstancesAfterBackupRestoration (12ms)
Platform modules already initialized, skipping
Refreshing native plugins compatible for Editor in 2.82 ms, found 3 plugins.
Preloading 0 native plugins for Editor in 0.00 ms.
Unloading 3357 Unused Serialized files (Serialized files now loaded: 0)
Unloading 20 unused Assets / (79.8 KB). Loaded Objects now: 3872.
Memory consumption went from 133.0 MB to 133.0 MB.
Total: 6.524500 ms (FindLiveObjects: 0.346600 ms CreateObjectMapping: 0.144300 ms MarkObjects: 5.916300 ms  DeleteObjects: 0.115200 ms)

AssetImportParameters requested are different than current active one (requested -> active):
  custom:video-decoder-ogg-theora: a1e56fd34408186e4bbccfd4996cb3dc -> 
  custom:container-muxer-webm: aa71ff27fc2769a1b78a27578f13a17b -> 
  custom:container-demuxer-webm: 4f35f7cbe854078d1ac9338744f61a02 -> 
  custom:video-encoder-webm-vp8: eb34c28f22e8b96e1ab97ce403110664 -> 
  custom:video-codec-MediaFoundation-h265: 746d11721c4dcdbdad8f713fa42b33f4 -> 
  custom:audio-encoder-webm-vorbis: bf7c407c2cedff20999df2af8eb42d56 -> 
  custom:framework-win-MediaFoundation: 216162199b28c13a410421893ffa2e32 -> 
  custom:container-demuxer-ogg: 62fdf1f143b41e24485cea50d1cbac27 -> 
  custom:video-decoder-webm-vp8: 9c59270c3fd7afecdb556c50c9e8de78 -> 
  custom:audio-decoder-ogg-vorbis: bf7c407c2cedff20999df2af8eb42d56 -> 
========================================================================
Received Import Request.
  Time since last request: 32.083571 seconds.
  path: Assets/Scripts
  artifactKey: Guid(6c299aaa499a8114dafc6fe70c1bcaf3) Importer(815301076,1909f56bfc062723c751e8b465ee728b)
Start importing Assets/Scripts using Guid(6c299aaa499a8114dafc6fe70c1bcaf3) Importer(815301076,1909f56bfc062723c751e8b465ee728b)  -> (artifact id: '3ed52f61120bf4af8b4181cb444deb1f') in 0.018665 seconds 
========================================================================
Received Import Request.
  Time since last request: 5.084732 seconds.
  path: Assets/Prefabs
  artifactKey: Guid(7ff153895c0c5af4499739a7f147a155) Importer(815301076,1909f56bfc062723c751e8b465ee728b)
Start importing Assets/Prefabs using Guid(7ff153895c0c5af4499739a7f147a155) Importer(815301076,1909f56bfc062723c751e8b465ee728b)  -> (artifact id: '61591a78d1c23931ca595d21e23a6641') in 0.010620 seconds 
========================================================================
Received Import Request.
  Time since last request: 5.857093 seconds.
  path: Assets/Materials
  artifactKey: Guid(153279ad6e6852649864ea570b167be1) Importer(815301076,1909f56bfc062723c751e8b465ee728b)
Start importing Assets/Materials using Guid(153279ad6e6852649864ea570b167be1) Importer(815301076,1909f56bfc062723c751e8b465ee728b)  -> (artifact id: 'c5300f15d3a9b2d533da107b1d9117bb') in 0.011812 seconds 
========================================================================
Received Prepare
Registering precompiled user dll's ...
Registered in 0.009920 seconds.
Begin MonoManager ReloadAssembly
Symbol file LoadedFromMemory doesn't match image C:\Users\bilgi\OneDrive\Belgeler\GitHub\Task7\Task7\Library\PackageCache\com.unity.visualscripting@1.7.8\Editor\VisualScripting.Core\Dependencies\YamlDotNet\Unity.VisualScripting.YamlDotNet.dll
Symbol file LoadedFromMemory doesn't match image C:\Users\bilgi\OneDrive\Belgeler\GitHub\Task7\Task7\Library\PackageCache\com.unity.visualscripting@1.7.8\Editor\VisualScripting.Core\Dependencies\DotNetZip\Unity.VisualScripting.IonicZip.dll
Native extension for WindowsStandalone target not found
Native extension for Android target not found
Refreshing native plugins compatible for Editor in 0.83 ms, found 3 plugins.
Preloading 0 native plugins for Editor in 0.00 ms.
Mono: successfully reloaded assembly
- Completed reload, in  1.636 seconds
Domain Reload Profiling:
	ReloadAssembly (1637ms)
		BeginReloadAssembly (204ms)
			ExecutionOrderSort (0ms)
			DisableScriptedObjects (11ms)
			BackupInstance (0ms)
			ReleaseScriptingObjects (0ms)
			CreateAndSetChildDomain (49ms)
		EndReloadAssembly (1260ms)
			LoadAssemblies (132ms)
			RebuildTransferFunctionScriptingTraits (0ms)
			SetupTypeCache (445ms)
			ReleaseScriptCaches (1ms)
			RebuildScriptCaches (63ms)
			SetupLoadedEditorAssemblies (554ms)
				LogAssemblyErrors (0ms)
				InitializePlatformSupportModulesInManaged (32ms)
				SetLoadedEditorAssemblies (1ms)
				RefreshPlugins (1ms)
				BeforeProcessingInitializeOnLoad (108ms)
				ProcessInitializeOnLoadAttributes (360ms)
				ProcessInitializeOnLoadMethodAttributes (40ms)
				AfterProcessingInitializeOnLoad (12ms)
				EditorAssembliesLoaded (0ms)
			ExecutionOrderSort2 (0ms)
			AwakeInstancesAfterBackupRestoration (10ms)
Platform modules already initialized, skipping
Refreshing native plugins compatible for Editor in 2.81 ms, found 3 plugins.
Preloading 0 native plugins for Editor in 0.00 ms.
Unloading 3517 Unused Serialized files (Serialized files now loaded: 0)
Unloading 22 unused Assets / (173.6 KB). Loaded Objects now: 4044.
Memory consumption went from 138.8 MB to 138.6 MB.
Total: 4.514500 ms (FindLiveObjects: 0.353000 ms CreateObjectMapping: 0.191000 ms MarkObjects: 3.814600 ms  DeleteObjects: 0.154200 ms)

AssetImportParameters requested are different than current active one (requested -> active):
  custom:video-decoder-ogg-theora: a1e56fd34408186e4bbccfd4996cb3dc -> 
  custom:container-muxer-webm: aa71ff27fc2769a1b78a27578f13a17b -> 
  custom:container-demuxer-webm: 4f35f7cbe854078d1ac9338744f61a02 -> 
  custom:video-encoder-webm-vp8: eb34c28f22e8b96e1ab97ce403110664 -> 
  custom:video-codec-MediaFoundation-h265: 746d11721c4dcdbdad8f713fa42b33f4 -> 
  custom:audio-encoder-webm-vorbis: bf7c407c2cedff20999df2af8eb42d56 -> 
  custom:framework-win-MediaFoundation: 216162199b28c13a410421893ffa2e32 -> 
  custom:container-demuxer-ogg: 62fdf1f143b41e24485cea50d1cbac27 -> 
  custom:video-decoder-webm-vp8: 9c59270c3fd7afecdb556c50c9e8de78 -> 
  custom:audio-decoder-ogg-vorbis: bf7c407c2cedff20999df2af8eb42d56 -> 
========================================================================
Received Prepare
Registering precompiled user dll's ...
Registered in 0.010223 seconds.
Begin MonoManager ReloadAssembly
Symbol file LoadedFromMemory doesn't match image C:\Users\bilgi\OneDrive\Belgeler\GitHub\Task7\Task7\Library\PackageCache\com.unity.visualscripting@1.7.8\Editor\VisualScripting.Core\Dependencies\YamlDotNet\Unity.VisualScripting.YamlDotNet.dll
Symbol file LoadedFromMemory doesn't match image C:\Users\bilgi\OneDrive\Belgeler\GitHub\Task7\Task7\Library\PackageCache\com.unity.visualscripting@1.7.8\Editor\VisualScripting.Core\Dependencies\DotNetZip\Unity.VisualScripting.IonicZip.dll
Native extension for WindowsStandalone target not found
Native extension for Android target not found
Refreshing native plugins compatible for Editor in 2.32 ms, found 3 plugins.
Preloading 0 native plugins for Editor in 0.00 ms.
Mono: successfully reloaded assembly
- Completed reload, in  1.944 seconds
Domain Reload Profiling:
	ReloadAssembly (1945ms)
		BeginReloadAssembly (279ms)
			ExecutionOrderSort (0ms)
			DisableScriptedObjects (9ms)
			BackupInstance (0ms)
			ReleaseScriptingObjects (0ms)
			CreateAndSetChildDomain (73ms)
		EndReloadAssembly (1478ms)
			LoadAssemblies (175ms)
			RebuildTransferFunctionScriptingTraits (0ms)
			SetupTypeCache (450ms)
			ReleaseScriptCaches (2ms)
			RebuildScriptCaches (88ms)
			SetupLoadedEditorAssemblies (706ms)
				LogAssemblyErrors (0ms)
				InitializePlatformSupportModulesInManaged (39ms)
				SetLoadedEditorAssemblies (1ms)
				RefreshPlugins (2ms)
				BeforeProcessingInitializeOnLoad (127ms)
				ProcessInitializeOnLoadAttributes (481ms)
				ProcessInitializeOnLoadMethodAttributes (44ms)
				AfterProcessingInitializeOnLoad (11ms)
				EditorAssembliesLoaded (0ms)
			ExecutionOrderSort2 (0ms)
			AwakeInstancesAfterBackupRestoration (10ms)
Platform modules already initialized, skipping
Refreshing native plugins compatible for Editor in 2.91 ms, found 3 plugins.
Preloading 0 native plugins for Editor in 0.00 ms.
Unloading 3517 Unused Serialized files (Serialized files now loaded: 0)
Unloading 22 unused Assets / (173.5 KB). Loaded Objects now: 4059.
Memory consumption went from 138.8 MB to 138.6 MB.
Total: 5.118100 ms (FindLiveObjects: 0.341500 ms CreateObjectMapping: 0.141300 ms MarkObjects: 4.476300 ms  DeleteObjects: 0.156500 ms)

AssetImportParameters requested are different than current active one (requested -> active):
  custom:video-decoder-ogg-theora: a1e56fd34408186e4bbccfd4996cb3dc -> 
  custom:container-muxer-webm: aa71ff27fc2769a1b78a27578f13a17b -> 
  custom:container-demuxer-webm: 4f35f7cbe854078d1ac9338744f61a02 -> 
  custom:video-encoder-webm-vp8: eb34c28f22e8b96e1ab97ce403110664 -> 
  custom:video-codec-MediaFoundation-h265: 746d11721c4dcdbdad8f713fa42b33f4 -> 
  custom:audio-encoder-webm-vorbis: bf7c407c2cedff20999df2af8eb42d56 -> 
  custom:framework-win-MediaFoundation: 216162199b28c13a410421893ffa2e32 -> 
  custom:container-demuxer-ogg: 62fdf1f143b41e24485cea50d1cbac27 -> 
  custom:video-decoder-webm-vp8: 9c59270c3fd7afecdb556c50c9e8de78 -> 
  custom:audio-decoder-ogg-vorbis: bf7c407c2cedff20999df2af8eb42d56 -> 
========================================================================
Received Import Request.
  Time since last request: 774.799505 seconds.
  path: Assets/Materials/Plane.mat
  artifactKey: Guid(79c86d052bded8a42b1c4dca24a3b050) Importer(815301076,1909f56bfc062723c751e8b465ee728b)
Start importing Assets/Materials/Plane.mat using Guid(79c86d052bded8a42b1c4dca24a3b050) Importer(815301076,1909f56bfc062723c751e8b465ee728b)  -> (artifact id: '270324b0cf833feae4925bb33143aecd') in 0.127229 seconds 
========================================================================
Received Import Request.
  Time since last request: 67.291958 seconds.
  path: Assets/character/Breathing Idle.fbx
  artifactKey: Guid(518db5e3313fedc46a0ace1b002dd1cc) Importer(815301076,1909f56bfc062723c751e8b465ee728b)
Start importing Assets/character/Breathing Idle.fbx using Guid(518db5e3313fedc46a0ace1b002dd1cc) Importer(815301076,1909f56bfc062723c751e8b465ee728b)  -> (artifact id: '6f2b20126ed15a64d3c943ff491b1c17') in 0.068911 seconds 
========================================================================
Received Import Request.
  Time since last request: 3.810801 seconds.
  path: Assets/character/stickman.fbx
  artifactKey: Guid(5f8ab3ba19ce748408090b2171f14d4f) Importer(815301076,1909f56bfc062723c751e8b465ee728b)
Start importing Assets/character/stickman.fbx using Guid(5f8ab3ba19ce748408090b2171f14d4f) Importer(815301076,1909f56bfc062723c751e8b465ee728b)  -> (artifact id: 'c275856d51693850c103fc94fb85f67d') in 0.043859 seconds 
========================================================================
Received Import Request.
  Time since last request: 8.058842 seconds.
  path: Assets/character/Breathing Idle.fbx
  artifactKey: Guid(518db5e3313fedc46a0ace1b002dd1cc) Importer(815301076,1909f56bfc062723c751e8b465ee728b)
Start importing Assets/character/Breathing Idle.fbx using Guid(518db5e3313fedc46a0ace1b002dd1cc) Importer(815301076,1909f56bfc062723c751e8b465ee728b)  -> (artifact id: '167ef4bd0c7699ffeeb0622edc536f31') in 0.036746 seconds 
========================================================================
Received Import Request.
  Time since last request: 7.724006 seconds.
  path: Assets/character/Breathing Idle.fbx
  artifactKey: Guid(518db5e3313fedc46a0ace1b002dd1cc) Importer(815301076,1909f56bfc062723c751e8b465ee728b)
Start importing Assets/character/Breathing Idle.fbx using Guid(518db5e3313fedc46a0ace1b002dd1cc) Importer(815301076,1909f56bfc062723c751e8b465ee728b)  -> (artifact id: '82c8a523712f2c3144ae697fe7136b5e') in 0.105786 seconds 
========================================================================
Received Import Request.
  Time since last request: 5.537231 seconds.
  path: Assets/character/stickman.fbx
  artifactKey: Guid(5f8ab3ba19ce748408090b2171f14d4f) Importer(815301076,1909f56bfc062723c751e8b465ee728b)
Start importing Assets/character/stickman.fbx using Guid(5f8ab3ba19ce748408090b2171f14d4f) Importer(815301076,1909f56bfc062723c751e8b465ee728b)  -> (artifact id: 'c3fedbe007bd3ceb23acc99fc2149cdc') in 0.097665 seconds 
========================================================================
Received Import Request.
  Time since last request: 2.282150 seconds.
  path: Assets/character/stickman.fbx
  artifactKey: Guid(5f8ab3ba19ce748408090b2171f14d4f) Importer(815301076,1909f56bfc062723c751e8b465ee728b)
Start importing Assets/character/stickman.fbx using Guid(5f8ab3ba19ce748408090b2171f14d4f) Importer(815301076,1909f56bfc062723c751e8b465ee728b)  -> (artifact id: '9e7bcdd3fa37286f34fb60d2d61d6c4e') in 0.034566 seconds 
========================================================================
Received Prepare
Registering precompiled user dll's ...
Registered in 0.008582 seconds.
Begin MonoManager ReloadAssembly
Symbol file LoadedFromMemory doesn't match image C:\Users\bilgi\OneDrive\Belgeler\GitHub\Task7\Task7\Library\PackageCache\com.unity.visualscripting@1.7.8\Editor\VisualScripting.Core\Dependencies\YamlDotNet\Unity.VisualScripting.YamlDotNet.dll
Symbol file LoadedFromMemory doesn't match image C:\Users\bilgi\OneDrive\Belgeler\GitHub\Task7\Task7\Library\PackageCache\com.unity.visualscripting@1.7.8\Editor\VisualScripting.Core\Dependencies\DotNetZip\Unity.VisualScripting.IonicZip.dll
Native extension for WindowsStandalone target not found
Native extension for Android target not found
Refreshing native plugins compatible for Editor in 1.11 ms, found 3 plugins.
Preloading 0 native plugins for Editor in 0.00 ms.
Mono: successfully reloaded assembly
- Completed reload, in  1.990 seconds
Domain Reload Profiling:
	ReloadAssembly (1992ms)
		BeginReloadAssembly (196ms)
			ExecutionOrderSort (0ms)
			DisableScriptedObjects (7ms)
			BackupInstance (0ms)
			ReleaseScriptingObjects (0ms)
			CreateAndSetChildDomain (55ms)
		EndReloadAssembly (1638ms)
			LoadAssemblies (128ms)
			RebuildTransferFunctionScriptingTraits (0ms)
			SetupTypeCache (524ms)
			ReleaseScriptCaches (2ms)
			RebuildScriptCaches (93ms)
			SetupLoadedEditorAssemblies (785ms)
				LogAssemblyErrors (0ms)
				InitializePlatformSupportModulesInManaged (42ms)
				SetLoadedEditorAssemblies (1ms)
				RefreshPlugins (1ms)
				BeforeProcessingInitializeOnLoad (135ms)
				ProcessInitializeOnLoadAttributes (496ms)
				ProcessInitializeOnLoadMethodAttributes (73ms)
				AfterProcessingInitializeOnLoad (36ms)
				EditorAssembliesLoaded (0ms)
			ExecutionOrderSort2 (0ms)
			AwakeInstancesAfterBackupRestoration (18ms)
Platform modules already initialized, skipping
Refreshing native plugins compatible for Editor in 3.41 ms, found 3 plugins.
Preloading 0 native plugins for Editor in 0.00 ms.
Unloading 3517 Unused Serialized files (Serialized files now loaded: 0)
Unloading 22 unused Assets / (173.6 KB). Loaded Objects now: 4074.
Memory consumption went from 138.9 MB to 138.8 MB.
Total: 4.866200 ms (FindLiveObjects: 0.371400 ms CreateObjectMapping: 0.146600 ms MarkObjects: 4.191300 ms  DeleteObjects: 0.155300 ms)

AssetImportParameters requested are different than current active one (requested -> active):
  custom:video-decoder-ogg-theora: a1e56fd34408186e4bbccfd4996cb3dc -> 
  custom:container-muxer-webm: aa71ff27fc2769a1b78a27578f13a17b -> 
  custom:container-demuxer-webm: 4f35f7cbe854078d1ac9338744f61a02 -> 
  custom:video-encoder-webm-vp8: eb34c28f22e8b96e1ab97ce403110664 -> 
  custom:video-codec-MediaFoundation-h265: 746d11721c4dcdbdad8f713fa42b33f4 -> 
  custom:audio-encoder-webm-vorbis: bf7c407c2cedff20999df2af8eb42d56 -> 
  custom:framework-win-MediaFoundation: 216162199b28c13a410421893ffa2e32 -> 
  custom:container-demuxer-ogg: 62fdf1f143b41e24485cea50d1cbac27 -> 
  custom:video-decoder-webm-vp8: 9c59270c3fd7afecdb556c50c9e8de78 -> 
  custom:audio-decoder-ogg-vorbis: bf7c407c2cedff20999df2af8eb42d56 -> 
========================================================================
Received Prepare
Registering precompiled user dll's ...
Registered in 0.008948 seconds.
Begin MonoManager ReloadAssembly
Symbol file LoadedFromMemory doesn't match image C:\Users\bilgi\OneDrive\Belgeler\GitHub\Task7\Task7\Library\PackageCache\com.unity.visualscripting@1.7.8\Editor\VisualScripting.Core\Dependencies\YamlDotNet\Unity.VisualScripting.YamlDotNet.dll
Symbol file LoadedFromMemory doesn't match image C:\Users\bilgi\OneDrive\Belgeler\GitHub\Task7\Task7\Library\PackageCache\com.unity.visualscripting@1.7.8\Editor\VisualScripting.Core\Dependencies\DotNetZip\Unity.VisualScripting.IonicZip.dll
Native extension for WindowsStandalone target not found
Native extension for Android target not found
Refreshing native plugins compatible for Editor in 1.41 ms, found 3 plugins.
Preloading 0 native plugins for Editor in 0.00 ms.
Mono: successfully reloaded assembly
- Completed reload, in  1.929 seconds
Domain Reload Profiling:
	ReloadAssembly (1930ms)
		BeginReloadAssembly (196ms)
			ExecutionOrderSort (0ms)
			DisableScriptedObjects (8ms)
			BackupInstance (0ms)
			ReleaseScriptingObjects (0ms)
			CreateAndSetChildDomain (51ms)
		EndReloadAssembly (1567ms)
			LoadAssemblies (127ms)
			RebuildTransferFunctionScriptingTraits (0ms)
			SetupTypeCache (539ms)
			ReleaseScriptCaches (2ms)
			RebuildScriptCaches (87ms)
			SetupLoadedEditorAssemblies (719ms)
				LogAssemblyErrors (0ms)
				InitializePlatformSupportModulesInManaged (42ms)
				SetLoadedEditorAssemblies (1ms)
				RefreshPlugins (2ms)
				BeforeProcessingInitializeOnLoad (137ms)
				ProcessInitializeOnLoadAttributes (473ms)
				ProcessInitializeOnLoadMethodAttributes (52ms)
				AfterProcessingInitializeOnLoad (13ms)
				EditorAssembliesLoaded (0ms)
			ExecutionOrderSort2 (0ms)
			AwakeInstancesAfterBackupRestoration (11ms)
Platform modules already initialized, skipping
Refreshing native plugins compatible for Editor in 3.87 ms, found 3 plugins.
Preloading 0 native plugins for Editor in 0.00 ms.
Unloading 3517 Unused Serialized files (Serialized files now loaded: 0)
Unloading 22 unused Assets / (173.5 KB). Loaded Objects now: 4089.
Memory consumption went from 139.0 MB to 138.8 MB.
Total: 5.015200 ms (FindLiveObjects: 0.369700 ms CreateObjectMapping: 0.146500 ms MarkObjects: 4.339400 ms  DeleteObjects: 0.157200 ms)

AssetImportParameters requested are different than current active one (requested -> active):
  custom:video-decoder-ogg-theora: a1e56fd34408186e4bbccfd4996cb3dc -> 
  custom:container-muxer-webm: aa71ff27fc2769a1b78a27578f13a17b -> 
  custom:container-demuxer-webm: 4f35f7cbe854078d1ac9338744f61a02 -> 
  custom:video-encoder-webm-vp8: eb34c28f22e8b96e1ab97ce403110664 -> 
  custom:video-codec-MediaFoundation-h265: 746d11721c4dcdbdad8f713fa42b33f4 -> 
  custom:audio-encoder-webm-vorbis: bf7c407c2cedff20999df2af8eb42d56 -> 
  custom:framework-win-MediaFoundation: 216162199b28c13a410421893ffa2e32 -> 
  custom:container-demuxer-ogg: 62fdf1f143b41e24485cea50d1cbac27 -> 
  custom:video-decoder-webm-vp8: 9c59270c3fd7afecdb556c50c9e8de78 -> 
  custom:audio-decoder-ogg-vorbis: bf7c407c2cedff20999df2af8eb42d56 -> 
========================================================================
Received Prepare
Registering precompiled user dll's ...
Registered in 0.009425 seconds.
Begin MonoManager ReloadAssembly
Symbol file LoadedFromMemory doesn't match image C:\Users\bilgi\OneDrive\Belgeler\GitHub\Task7\Task7\Library\PackageCache\com.unity.visualscripting@1.7.8\Editor\VisualScripting.Core\Dependencies\YamlDotNet\Unity.VisualScripting.YamlDotNet.dll
Symbol file LoadedFromMemory doesn't match image C:\Users\bilgi\OneDrive\Belgeler\GitHub\Task7\Task7\Library\PackageCache\com.unity.visualscripting@1.7.8\Editor\VisualScripting.Core\Dependencies\DotNetZip\Unity.VisualScripting.IonicZip.dll
Native extension for WindowsStandalone target not found
Native extension for Android target not found
Refreshing native plugins compatible for Editor in 0.96 ms, found 3 plugins.
Preloading 0 native plugins for Editor in 0.00 ms.
Mono: successfully reloaded assembly
- Completed reload, in  1.839 seconds
Domain Reload Profiling:
	ReloadAssembly (1841ms)
		BeginReloadAssembly (196ms)
			ExecutionOrderSort (0ms)
			DisableScriptedObjects (8ms)
			BackupInstance (0ms)
			ReleaseScriptingObjects (0ms)
			CreateAndSetChildDomain (51ms)
		EndReloadAssembly (1482ms)
			LoadAssemblies (130ms)
			RebuildTransferFunctionScriptingTraits (0ms)
			SetupTypeCache (474ms)
			ReleaseScriptCaches (2ms)
			RebuildScriptCaches (82ms)
			SetupLoadedEditorAssemblies (698ms)
				LogAssemblyErrors (0ms)
				InitializePlatformSupportModulesInManaged (40ms)
				SetLoadedEditorAssemblies (1ms)
				RefreshPlugins (1ms)
				BeforeProcessingInitializeOnLoad (130ms)
				ProcessInitializeOnLoadAttributes (461ms)
				ProcessInitializeOnLoadMethodAttributes (52ms)
				AfterProcessingInitializeOnLoad (13ms)
				EditorAssembliesLoaded (0ms)
			ExecutionOrderSort2 (0ms)
			AwakeInstancesAfterBackupRestoration (11ms)
Platform modules already initialized, skipping
Refreshing native plugins compatible for Editor in 3.89 ms, found 3 plugins.
Preloading 0 native plugins for Editor in 0.00 ms.
Unloading 3517 Unused Serialized files (Serialized files now loaded: 0)
Unloading 22 unused Assets / (173.4 KB). Loaded Objects now: 4104.
Memory consumption went from 139.0 MB to 138.8 MB.
Total: 5.217700 ms (FindLiveObjects: 0.640100 ms CreateObjectMapping: 0.184800 ms MarkObjects: 4.212800 ms  DeleteObjects: 0.178100 ms)

AssetImportParameters requested are different than current active one (requested -> active):
  custom:video-decoder-ogg-theora: a1e56fd34408186e4bbccfd4996cb3dc -> 
  custom:container-muxer-webm: aa71ff27fc2769a1b78a27578f13a17b -> 
  custom:container-demuxer-webm: 4f35f7cbe854078d1ac9338744f61a02 -> 
  custom:video-encoder-webm-vp8: eb34c28f22e8b96e1ab97ce403110664 -> 
  custom:video-codec-MediaFoundation-h265: 746d11721c4dcdbdad8f713fa42b33f4 -> 
  custom:audio-encoder-webm-vorbis: bf7c407c2cedff20999df2af8eb42d56 -> 
  custom:framework-win-MediaFoundation: 216162199b28c13a410421893ffa2e32 -> 
  custom:container-demuxer-ogg: 62fdf1f143b41e24485cea50d1cbac27 -> 
  custom:video-decoder-webm-vp8: 9c59270c3fd7afecdb556c50c9e8de78 -> 
  custom:audio-decoder-ogg-vorbis: bf7c407c2cedff20999df2af8eb42d56 -> 
========================================================================
Received Prepare
Registering precompiled user dll's ...
Registered in 0.008728 seconds.
Begin MonoManager ReloadAssembly
Symbol file LoadedFromMemory doesn't match image C:\Users\bilgi\OneDrive\Belgeler\GitHub\Task7\Task7\Library\PackageCache\com.unity.visualscripting@1.7.8\Editor\VisualScripting.Core\Dependencies\YamlDotNet\Unity.VisualScripting.YamlDotNet.dll
Symbol file LoadedFromMemory doesn't match image C:\Users\bilgi\OneDrive\Belgeler\GitHub\Task7\Task7\Library\PackageCache\com.unity.visualscripting@1.7.8\Editor\VisualScripting.Core\Dependencies\DotNetZip\Unity.VisualScripting.IonicZip.dll
Native extension for WindowsStandalone target not found
Native extension for Android target not found
Refreshing native plugins compatible for Editor in 1.47 ms, found 3 plugins.
Preloading 0 native plugins for Editor in 0.00 ms.
Mono: successfully reloaded assembly
- Completed reload, in  1.915 seconds
Domain Reload Profiling:
	ReloadAssembly (1916ms)
		BeginReloadAssembly (190ms)
			ExecutionOrderSort (0ms)
			DisableScriptedObjects (8ms)
			BackupInstance (0ms)
			ReleaseScriptingObjects (0ms)
			CreateAndSetChildDomain (49ms)
		EndReloadAssembly (1557ms)
			LoadAssemblies (135ms)
			RebuildTransferFunctionScriptingTraits (0ms)
			SetupTypeCache (523ms)
			ReleaseScriptCaches (2ms)
			RebuildScriptCaches (89ms)
			SetupLoadedEditorAssemblies (702ms)
				LogAssemblyErrors (0ms)
				InitializePlatformSupportModulesInManaged (42ms)
				SetLoadedEditorAssemblies (1ms)
				RefreshPlugins (2ms)
				BeforeProcessingInitializeOnLoad (134ms)
				ProcessInitializeOnLoadAttributes (456ms)
				ProcessInitializeOnLoadMethodAttributes (54ms)
				AfterProcessingInitializeOnLoad (13ms)
				EditorAssembliesLoaded (0ms)
			ExecutionOrderSort2 (0ms)
			AwakeInstancesAfterBackupRestoration (12ms)
Platform modules already initialized, skipping
Refreshing native plugins compatible for Editor in 3.55 ms, found 3 plugins.
Preloading 0 native plugins for Editor in 0.00 ms.
Unloading 3517 Unused Serialized files (Serialized files now loaded: 0)
Unloading 22 unused Assets / (173.5 KB). Loaded Objects now: 4119.
Memory consumption went from 139.0 MB to 138.9 MB.
Total: 6.956600 ms (FindLiveObjects: 0.339300 ms CreateObjectMapping: 0.144100 ms MarkObjects: 6.178400 ms  DeleteObjects: 0.292500 ms)

AssetImportParameters requested are different than current active one (requested -> active):
  custom:video-decoder-ogg-theora: a1e56fd34408186e4bbccfd4996cb3dc -> 
  custom:container-muxer-webm: aa71ff27fc2769a1b78a27578f13a17b -> 
  custom:container-demuxer-webm: 4f35f7cbe854078d1ac9338744f61a02 -> 
  custom:video-encoder-webm-vp8: eb34c28f22e8b96e1ab97ce403110664 -> 
  custom:video-codec-MediaFoundation-h265: 746d11721c4dcdbdad8f713fa42b33f4 -> 
  custom:audio-encoder-webm-vorbis: bf7c407c2cedff20999df2af8eb42d56 -> 
  custom:framework-win-MediaFoundation: 216162199b28c13a410421893ffa2e32 -> 
  custom:container-demuxer-ogg: 62fdf1f143b41e24485cea50d1cbac27 -> 
  custom:video-decoder-webm-vp8: 9c59270c3fd7afecdb556c50c9e8de78 -> 
  custom:audio-decoder-ogg-vorbis: bf7c407c2cedff20999df2af8eb42d56 -> 
========================================================================
Received Prepare
Registering precompiled user dll's ...
Registered in 0.009312 seconds.
Begin MonoManager ReloadAssembly
Symbol file LoadedFromMemory doesn't match image C:\Users\bilgi\OneDrive\Belgeler\GitHub\Task7\Task7\Library\PackageCache\com.unity.visualscripting@1.7.8\Editor\VisualScripting.Core\Dependencies\YamlDotNet\Unity.VisualScripting.YamlDotNet.dll
Symbol file LoadedFromMemory doesn't match image C:\Users\bilgi\OneDrive\Belgeler\GitHub\Task7\Task7\Library\PackageCache\com.unity.visualscripting@1.7.8\Editor\VisualScripting.Core\Dependencies\DotNetZip\Unity.VisualScripting.IonicZip.dll
Native extension for WindowsStandalone target not found
Native extension for Android target not found
Refreshing native plugins compatible for Editor in 1.04 ms, found 3 plugins.
Preloading 0 native plugins for Editor in 0.00 ms.
Mono: successfully reloaded assembly
- Completed reload, in  1.866 seconds
Domain Reload Profiling:
	ReloadAssembly (1867ms)
		BeginReloadAssembly (193ms)
			ExecutionOrderSort (0ms)
			DisableScriptedObjects (8ms)
			BackupInstance (0ms)
			ReleaseScriptingObjects (0ms)
			CreateAndSetChildDomain (49ms)
		EndReloadAssembly (1509ms)
			LoadAssemblies (130ms)
			RebuildTransferFunctionScriptingTraits (0ms)
			SetupTypeCache (506ms)
			ReleaseScriptCaches (2ms)
			RebuildScriptCaches (85ms)
			SetupLoadedEditorAssemblies (696ms)
				LogAssemblyErrors (0ms)
				InitializePlatformSupportModulesInManaged (41ms)
				SetLoadedEditorAssemblies (1ms)
				RefreshPlugins (1ms)
				BeforeProcessingInitializeOnLoad (132ms)
				ProcessInitializeOnLoadAttributes (456ms)
				ProcessInitializeOnLoadMethodAttributes (52ms)
				AfterProcessingInitializeOnLoad (13ms)
				EditorAssembliesLoaded (0ms)
			ExecutionOrderSort2 (0ms)
			AwakeInstancesAfterBackupRestoration (11ms)
Platform modules already initialized, skipping
Refreshing native plugins compatible for Editor in 3.53 ms, found 3 plugins.
Preloading 0 native plugins for Editor in 0.00 ms.
Unloading 3517 Unused Serialized files (Serialized files now loaded: 0)
Unloading 22 unused Assets / (173.7 KB). Loaded Objects now: 4134.
Memory consumption went from 139.0 MB to 138.9 MB.
Total: 5.452700 ms (FindLiveObjects: 0.422400 ms CreateObjectMapping: 0.287800 ms MarkObjects: 4.582700 ms  DeleteObjects: 0.157900 ms)

AssetImportParameters requested are different than current active one (requested -> active):
  custom:video-decoder-ogg-theora: a1e56fd34408186e4bbccfd4996cb3dc -> 
  custom:container-muxer-webm: aa71ff27fc2769a1b78a27578f13a17b -> 
  custom:container-demuxer-webm: 4f35f7cbe854078d1ac9338744f61a02 -> 
  custom:video-encoder-webm-vp8: eb34c28f22e8b96e1ab97ce403110664 -> 
  custom:video-codec-MediaFoundation-h265: 746d11721c4dcdbdad8f713fa42b33f4 -> 
  custom:audio-encoder-webm-vorbis: bf7c407c2cedff20999df2af8eb42d56 -> 
  custom:framework-win-MediaFoundation: 216162199b28c13a410421893ffa2e32 -> 
  custom:container-demuxer-ogg: 62fdf1f143b41e24485cea50d1cbac27 -> 
  custom:video-decoder-webm-vp8: 9c59270c3fd7afecdb556c50c9e8de78 -> 
  custom:audio-decoder-ogg-vorbis: bf7c407c2cedff20999df2af8eb42d56 -> 
========================================================================
Received Import Request.
  Time since last request: 310.084803 seconds.
  path: Assets/Prefabs/Player.prefab
  artifactKey: Guid(c0d5b109fa1cd074e953b9aae8f5edc4) Importer(815301076,1909f56bfc062723c751e8b465ee728b)
Start importing Assets/Prefabs/Player.prefab using Guid(c0d5b109fa1cd074e953b9aae8f5edc4) Importer(815301076,1909f56bfc062723c751e8b465ee728b)  -> (artifact id: 'e2dcb1c8ec4df58c66cd669348fd2f66') in 0.164943 seconds 
========================================================================
Received Import Request.
  Time since last request: 131.525770 seconds.
  path: Assets/character/Slow Run.fbx
  artifactKey: Guid(048bc6dea659e214fb44ccf4400a8982) Importer(815301076,1909f56bfc062723c751e8b465ee728b)
Start importing Assets/character/Slow Run.fbx using Guid(048bc6dea659e214fb44ccf4400a8982) Importer(815301076,1909f56bfc062723c751e8b465ee728b)  -> (artifact id: 'ad709f952a7d97f7c5477e651d6c1fc2') in 0.072177 seconds 
========================================================================
Received Import Request.
  Time since last request: 8.800611 seconds.
  path: Assets/Animation
  artifactKey: Guid(49c0a6f73220aad4799d27f3f704f15e) Importer(815301076,1909f56bfc062723c751e8b465ee728b)
Start importing Assets/Animation using Guid(49c0a6f73220aad4799d27f3f704f15e) Importer(815301076,1909f56bfc062723c751e8b465ee728b)  -> (artifact id: '1622d943304cd9604ecc616d5d57ecdd') in 0.014591 seconds 
========================================================================
Received Import Request.
  Time since last request: 3.118468 seconds.
  path: Assets/Animations
  artifactKey: Guid(49c0a6f73220aad4799d27f3f704f15e) Importer(815301076,1909f56bfc062723c751e8b465ee728b)
Start importing Assets/Animations using Guid(49c0a6f73220aad4799d27f3f704f15e) Importer(815301076,1909f56bfc062723c751e8b465ee728b)  -> (artifact id: '8122812ce2b4fecabd81b4a6c0b7f8eb') in 0.020678 seconds 
========================================================================
Received Import Request.
  Time since last request: 5.409762 seconds.
  path: Assets/Materials/Plane.mat
  artifactKey: Guid(79c86d052bded8a42b1c4dca24a3b050) Importer(815301076,1909f56bfc062723c751e8b465ee728b)
Start importing Assets/Materials/Plane.mat using Guid(79c86d052bded8a42b1c4dca24a3b050) Importer(815301076,1909f56bfc062723c751e8b465ee728b)  -> (artifact id: '8cfeeb4f379a903efbe5e56b7eebbddd') in 0.016784 seconds 
========================================================================
Received Prepare
Registering precompiled user dll's ...
Registered in 0.013650 seconds.
Begin MonoManager ReloadAssembly
Symbol file LoadedFromMemory doesn't match image C:\Users\bilgi\OneDrive\Belgeler\GitHub\Task7\Task7\Library\PackageCache\com.unity.visualscripting@1.7.8\Editor\VisualScripting.Core\Dependencies\YamlDotNet\Unity.VisualScripting.YamlDotNet.dll
Symbol file LoadedFromMemory doesn't match image C:\Users\bilgi\OneDrive\Belgeler\GitHub\Task7\Task7\Library\PackageCache\com.unity.visualscripting@1.7.8\Editor\VisualScripting.Core\Dependencies\DotNetZip\Unity.VisualScripting.IonicZip.dll
Native extension for WindowsStandalone target not found
Native extension for Android target not found
Refreshing native plugins compatible for Editor in 0.89 ms, found 3 plugins.
Preloading 0 native plugins for Editor in 0.00 ms.
Mono: successfully reloaded assembly
- Completed reload, in  2.484 seconds
Domain Reload Profiling:
	ReloadAssembly (2485ms)
		BeginReloadAssembly (231ms)
			ExecutionOrderSort (0ms)
			DisableScriptedObjects (8ms)
			BackupInstance (0ms)
			ReleaseScriptingObjects (0ms)
			CreateAndSetChildDomain (62ms)
		EndReloadAssembly (2063ms)
			LoadAssemblies (153ms)
			RebuildTransferFunctionScriptingTraits (0ms)
			SetupTypeCache (659ms)
			ReleaseScriptCaches (4ms)
			RebuildScriptCaches (110ms)
			SetupLoadedEditorAssemblies (1006ms)
				LogAssemblyErrors (0ms)
				InitializePlatformSupportModulesInManaged (55ms)
				SetLoadedEditorAssemblies (3ms)
				RefreshPlugins (1ms)
				BeforeProcessingInitializeOnLoad (208ms)
				ProcessInitializeOnLoadAttributes (651ms)
				ProcessInitializeOnLoadMethodAttributes (71ms)
				AfterProcessingInitializeOnLoad (16ms)
				EditorAssembliesLoaded (1ms)
			ExecutionOrderSort2 (0ms)
			AwakeInstancesAfterBackupRestoration (15ms)
Platform modules already initialized, skipping
Refreshing native plugins compatible for Editor in 2.81 ms, found 3 plugins.
Preloading 0 native plugins for Editor in 0.00 ms.
Unloading 3517 Unused Serialized files (Serialized files now loaded: 0)
Unloading 22 unused Assets / (173.5 KB). Loaded Objects now: 4149.
Memory consumption went from 139.1 MB to 138.9 MB.
Total: 4.525900 ms (FindLiveObjects: 0.356100 ms CreateObjectMapping: 0.257100 ms MarkObjects: 3.756900 ms  DeleteObjects: 0.153900 ms)

AssetImportParameters requested are different than current active one (requested -> active):
  custom:video-decoder-ogg-theora: a1e56fd34408186e4bbccfd4996cb3dc -> 
  custom:container-muxer-webm: aa71ff27fc2769a1b78a27578f13a17b -> 
  custom:container-demuxer-webm: 4f35f7cbe854078d1ac9338744f61a02 -> 
  custom:video-encoder-webm-vp8: eb34c28f22e8b96e1ab97ce403110664 -> 
  custom:video-codec-MediaFoundation-h265: 746d11721c4dcdbdad8f713fa42b33f4 -> 
  custom:audio-encoder-webm-vorbis: bf7c407c2cedff20999df2af8eb42d56 -> 
  custom:framework-win-MediaFoundation: 216162199b28c13a410421893ffa2e32 -> 
  custom:container-demuxer-ogg: 62fdf1f143b41e24485cea50d1cbac27 -> 
  custom:video-decoder-webm-vp8: 9c59270c3fd7afecdb556c50c9e8de78 -> 
  custom:audio-decoder-ogg-vorbis: bf7c407c2cedff20999df2af8eb42d56 -> 
========================================================================
Received Prepare
Registering precompiled user dll's ...
Registered in 0.009439 seconds.
Begin MonoManager ReloadAssembly
Symbol file LoadedFromMemory doesn't match image C:\Users\bilgi\OneDrive\Belgeler\GitHub\Task7\Task7\Library\PackageCache\com.unity.visualscripting@1.7.8\Editor\VisualScripting.Core\Dependencies\YamlDotNet\Unity.VisualScripting.YamlDotNet.dll
Symbol file LoadedFromMemory doesn't match image C:\Users\bilgi\OneDrive\Belgeler\GitHub\Task7\Task7\Library\PackageCache\com.unity.visualscripting@1.7.8\Editor\VisualScripting.Core\Dependencies\DotNetZip\Unity.VisualScripting.IonicZip.dll
Native extension for WindowsStandalone target not found
Native extension for Android target not found
Refreshing native plugins compatible for Editor in 1.05 ms, found 3 plugins.
Preloading 0 native plugins for Editor in 0.00 ms.
Mono: successfully reloaded assembly
- Completed reload, in  2.570 seconds
Domain Reload Profiling:
	ReloadAssembly (2571ms)
		BeginReloadAssembly (240ms)
			ExecutionOrderSort (0ms)
			DisableScriptedObjects (11ms)
			BackupInstance (0ms)
			ReleaseScriptingObjects (0ms)
			CreateAndSetChildDomain (62ms)
		EndReloadAssembly (2123ms)
			LoadAssemblies (178ms)
			RebuildTransferFunctionScriptingTraits (1ms)
			SetupTypeCache (717ms)
			ReleaseScriptCaches (2ms)
			RebuildScriptCaches (115ms)
			SetupLoadedEditorAssemblies (972ms)
				LogAssemblyErrors (0ms)
				InitializePlatformSupportModulesInManaged (60ms)
				SetLoadedEditorAssemblies (1ms)
				RefreshPlugins (1ms)
				BeforeProcessingInitializeOnLoad (171ms)
				ProcessInitializeOnLoadAttributes (645ms)
				ProcessInitializeOnLoadMethodAttributes (76ms)
				AfterProcessingInitializeOnLoad (16ms)
				EditorAssembliesLoaded (1ms)
			ExecutionOrderSort2 (0ms)
			AwakeInstancesAfterBackupRestoration (12ms)
Platform modules already initialized, skipping
Refreshing native plugins compatible for Editor in 3.68 ms, found 3 plugins.
Preloading 0 native plugins for Editor in 0.00 ms.
Unloading 3517 Unused Serialized files (Serialized files now loaded: 0)
Unloading 22 unused Assets / (173.5 KB). Loaded Objects now: 4164.
Memory consumption went from 139.1 MB to 138.9 MB.
Total: 7.545400 ms (FindLiveObjects: 1.153500 ms CreateObjectMapping: 0.292600 ms MarkObjects: 5.929000 ms  DeleteObjects: 0.168000 ms)

AssetImportParameters requested are different than current active one (requested -> active):
  custom:video-decoder-ogg-theora: a1e56fd34408186e4bbccfd4996cb3dc -> 
  custom:container-muxer-webm: aa71ff27fc2769a1b78a27578f13a17b -> 
  custom:container-demuxer-webm: 4f35f7cbe854078d1ac9338744f61a02 -> 
  custom:video-encoder-webm-vp8: eb34c28f22e8b96e1ab97ce403110664 -> 
  custom:video-codec-MediaFoundation-h265: 746d11721c4dcdbdad8f713fa42b33f4 -> 
  custom:audio-encoder-webm-vorbis: bf7c407c2cedff20999df2af8eb42d56 -> 
  custom:framework-win-MediaFoundation: 216162199b28c13a410421893ffa2e32 -> 
  custom:container-demuxer-ogg: 62fdf1f143b41e24485cea50d1cbac27 -> 
  custom:video-decoder-webm-vp8: 9c59270c3fd7afecdb556c50c9e8de78 -> 
  custom:audio-decoder-ogg-vorbis: bf7c407c2cedff20999df2af8eb42d56 -> 
========================================================================
Received Prepare
Registering precompiled user dll's ...
Registered in 0.011662 seconds.
Begin MonoManager ReloadAssembly
Symbol file LoadedFromMemory doesn't match image C:\Users\bilgi\OneDrive\Belgeler\GitHub\Task7\Task7\Library\PackageCache\com.unity.visualscripting@1.7.8\Editor\VisualScripting.Core\Dependencies\YamlDotNet\Unity.VisualScripting.YamlDotNet.dll
Symbol file LoadedFromMemory doesn't match image C:\Users\bilgi\OneDrive\Belgeler\GitHub\Task7\Task7\Library\PackageCache\com.unity.visualscripting@1.7.8\Editor\VisualScripting.Core\Dependencies\DotNetZip\Unity.VisualScripting.IonicZip.dll
Native extension for WindowsStandalone target not found
Native extension for Android target not found
Refreshing native plugins compatible for Editor in 1.13 ms, found 3 plugins.
Preloading 0 native plugins for Editor in 0.00 ms.
Mono: successfully reloaded assembly
- Completed reload, in  2.628 seconds
Domain Reload Profiling:
	ReloadAssembly (2633ms)
		BeginReloadAssembly (270ms)
			ExecutionOrderSort (0ms)
			DisableScriptedObjects (11ms)
			BackupInstance (0ms)
			ReleaseScriptingObjects (0ms)
			CreateAndSetChildDomain (57ms)
		EndReloadAssembly (2155ms)
			LoadAssemblies (201ms)
			RebuildTransferFunctionScriptingTraits (0ms)
			SetupTypeCache (725ms)
			ReleaseScriptCaches (2ms)
			RebuildScriptCaches (132ms)
			SetupLoadedEditorAssemblies (969ms)
				LogAssemblyErrors (0ms)
				InitializePlatformSupportModulesInManaged (57ms)
				SetLoadedEditorAssemblies (2ms)
				RefreshPlugins (1ms)
				BeforeProcessingInitializeOnLoad (185ms)
				ProcessInitializeOnLoadAttributes (633ms)
				ProcessInitializeOnLoadMethodAttributes (73ms)
				AfterProcessingInitializeOnLoad (18ms)
				EditorAssembliesLoaded (1ms)
			ExecutionOrderSort2 (0ms)
			AwakeInstancesAfterBackupRestoration (15ms)
Platform modules already initialized, skipping
Refreshing native plugins compatible for Editor in 2.90 ms, found 3 plugins.
Preloading 0 native plugins for Editor in 0.00 ms.
Unloading 3517 Unused Serialized files (Serialized files now loaded: 0)
Unloading 22 unused Assets / (173.5 KB). Loaded Objects now: 4179.
Memory consumption went from 139.1 MB to 138.9 MB.
Total: 4.454700 ms (FindLiveObjects: 0.339600 ms CreateObjectMapping: 0.142500 ms MarkObjects: 3.805400 ms  DeleteObjects: 0.165700 ms)

AssetImportParameters requested are different than current active one (requested -> active):
  custom:video-decoder-ogg-theora: a1e56fd34408186e4bbccfd4996cb3dc -> 
  custom:container-muxer-webm: aa71ff27fc2769a1b78a27578f13a17b -> 
  custom:container-demuxer-webm: 4f35f7cbe854078d1ac9338744f61a02 -> 
  custom:video-encoder-webm-vp8: eb34c28f22e8b96e1ab97ce403110664 -> 
  custom:video-codec-MediaFoundation-h265: 746d11721c4dcdbdad8f713fa42b33f4 -> 
  custom:audio-encoder-webm-vorbis: bf7c407c2cedff20999df2af8eb42d56 -> 
  custom:framework-win-MediaFoundation: 216162199b28c13a410421893ffa2e32 -> 
  custom:container-demuxer-ogg: 62fdf1f143b41e24485cea50d1cbac27 -> 
  custom:video-decoder-webm-vp8: 9c59270c3fd7afecdb556c50c9e8de78 -> 
  custom:audio-decoder-ogg-vorbis: bf7c407c2cedff20999df2af8eb42d56 -> 
========================================================================
Received Prepare
Registering precompiled user dll's ...
Registered in 0.008769 seconds.
Begin MonoManager ReloadAssembly
Symbol file LoadedFromMemory doesn't match image C:\Users\bilgi\OneDrive\Belgeler\GitHub\Task7\Task7\Library\PackageCache\com.unity.visualscripting@1.7.8\Editor\VisualScripting.Core\Dependencies\YamlDotNet\Unity.VisualScripting.YamlDotNet.dll
Symbol file LoadedFromMemory doesn't match image C:\Users\bilgi\OneDrive\Belgeler\GitHub\Task7\Task7\Library\PackageCache\com.unity.visualscripting@1.7.8\Editor\VisualScripting.Core\Dependencies\DotNetZip\Unity.VisualScripting.IonicZip.dll
Native extension for WindowsStandalone target not found
Native extension for Android target not found
Refreshing native plugins compatible for Editor in 0.95 ms, found 3 plugins.
Preloading 0 native plugins for Editor in 0.00 ms.
Mono: successfully reloaded assembly
- Completed reload, in  2.644 seconds
Domain Reload Profiling:
	ReloadAssembly (2646ms)
		BeginReloadAssembly (245ms)
			ExecutionOrderSort (0ms)
			DisableScriptedObjects (8ms)
			BackupInstance (0ms)
			ReleaseScriptingObjects (0ms)
			CreateAndSetChildDomain (61ms)
		EndReloadAssembly (2195ms)
			LoadAssemblies (173ms)
			RebuildTransferFunctionScriptingTraits (0ms)
			SetupTypeCache (768ms)
			ReleaseScriptCaches (2ms)
			RebuildScriptCaches (118ms)
			SetupLoadedEditorAssemblies (994ms)
				LogAssemblyErrors (0ms)
				InitializePlatformSupportModulesInManaged (61ms)
				SetLoadedEditorAssemblies (1ms)
				RefreshPlugins (1ms)
				BeforeProcessingInitializeOnLoad (186ms)
				ProcessInitializeOnLoadAttributes (648ms)
				ProcessInitializeOnLoadMethodAttributes (73ms)
				AfterProcessingInitializeOnLoad (22ms)
				EditorAssembliesLoaded (1ms)
			ExecutionOrderSort2 (0ms)
			AwakeInstancesAfterBackupRestoration (16ms)
Platform modules already initialized, skipping
Refreshing native plugins compatible for Editor in 5.64 ms, found 3 plugins.
Preloading 0 native plugins for Editor in 0.00 ms.
Unloading 3517 Unused Serialized files (Serialized files now loaded: 0)
Unloading 22 unused Assets / (173.5 KB). Loaded Objects now: 4194.
Memory consumption went from 139.1 MB to 138.9 MB.
Total: 5.964600 ms (FindLiveObjects: 0.355700 ms CreateObjectMapping: 0.227200 ms MarkObjects: 5.212000 ms  DeleteObjects: 0.167400 ms)

AssetImportParameters requested are different than current active one (requested -> active):
  custom:video-decoder-ogg-theora: a1e56fd34408186e4bbccfd4996cb3dc -> 
  custom:container-muxer-webm: aa71ff27fc2769a1b78a27578f13a17b -> 
  custom:container-demuxer-webm: 4f35f7cbe854078d1ac9338744f61a02 -> 
  custom:video-encoder-webm-vp8: eb34c28f22e8b96e1ab97ce403110664 -> 
  custom:video-codec-MediaFoundation-h265: 746d11721c4dcdbdad8f713fa42b33f4 -> 
  custom:audio-encoder-webm-vorbis: bf7c407c2cedff20999df2af8eb42d56 -> 
  custom:framework-win-MediaFoundation: 216162199b28c13a410421893ffa2e32 -> 
  custom:container-demuxer-ogg: 62fdf1f143b41e24485cea50d1cbac27 -> 
  custom:video-decoder-webm-vp8: 9c59270c3fd7afecdb556c50c9e8de78 -> 
  custom:audio-decoder-ogg-vorbis: bf7c407c2cedff20999df2af8eb42d56 -> 
